[php_errors] [2024-03-04T11:52:00+00:00]: Error [2]: Trying to access array offset on value of type null in system/Psr/Cache/FileCache.php on line 62
[php_errors] [2024-03-04T11:52:00+00:00]: Error [2]: Trying to access array offset on value of type null in system/Psr/Cache/FileCache.php on line 64
[php_errors] [2024-03-04T11:52:00+00:00]: Error [2]: Trying to access array offset on value of type null in system/Psr/Cache/FileCache.php on line 65
[php_errors] [2024-03-04T11:52:00+00:00]: Error [2]: Trying to access array offset on value of type null in system/Psr/Cache/FileCache.php on line 66
[php_errors] [2024-03-04T12:10:25+00:00]: Error [2]: Undefined variable $data in resources/views/doc.php on line 16
[php_errors] [2024-03-04T13:51:28+00:00]: Error [2]: Undefined array key "timestamp" in system/Cache/FileCache.php on line 535
[php_errors] [2024-03-04T13:51:28+00:00]: Error [2]: Undefined array key "timestamp" in system/Cache/FileCache.php on line 535
[php_errors] [2024-03-04T13:51:28+00:00]: Error [2]: Undefined array key "timestamp" in system/Cache/FileCache.php on line 535
[php_errors] [2024-03-04T13:51:28+00:00]: Error [2]: Undefined array key "timestamp" in system/Cache/FileCache.php on line 535
[php_errors] [2024-03-04T13:51:28+00:00]: Error [2]: Undefined array key "timestamp" in system/Cache/FileCache.php on line 535
[php_errors] [2024-03-04T14:02:39+00:00]: Error [2]: Undefined variable $data in resources/views/doc.php on line 13
[php_errors] [2024-03-04T14:05:04+00:00]: Error [2]: Undefined variable $data in resources/views/doc.php on line 21
[php_errors] [2024-03-04T14:05:06+00:00]: Error [2]: Undefined variable $data in resources/views/doc.php on line 21
[php_errors] [2024-03-04T14:11:18+00:00]: Error [2]: Attempt to read property "document_title" on null in resources/views/doc.php on line 47
[php_errors] [2024-03-04T14:11:18+00:00]: Error [2]: Attempt to read property "document_updated" on null in resources/views/doc.php on line 47
[php_errors] [2024-03-04T14:11:18+00:00]: Error [2]: Attempt to read property "document_body" on null in resources/views/doc.php on line 51
[php_errors] [2024-03-04T14:11:18+00:00]: Error [8192]: str_replace(): Passing null to parameter #3 ($subject) of type array|string is deprecated in system/plugins/erusev/parsedown/Parsedown.php on line 30
[php_errors] [2024-03-04T14:11:44+00:00]: Error [2]: Attempt to read property "document_title" on null in resources/views/doc.php on line 47
[php_errors] [2024-03-04T14:11:44+00:00]: Error [2]: Attempt to read property "document_updated" on null in resources/views/doc.php on line 47
[php_errors] [2024-03-04T14:11:44+00:00]: Error [2]: Attempt to read property "document_body" on null in resources/views/doc.php on line 51
[php_errors] [2024-03-04T14:11:44+00:00]: Error [8192]: str_replace(): Passing null to parameter #3 ($subject) of type array|string is deprecated in system/plugins/erusev/parsedown/Parsedown.php on line 30
[php_errors] [2024-03-04T14:11:46+00:00]: Error [2]: Attempt to read property "document_title" on null in resources/views/doc.php on line 47
[php_errors] [2024-03-04T14:11:46+00:00]: Error [2]: Attempt to read property "document_updated" on null in resources/views/doc.php on line 47
[php_errors] [2024-03-04T14:11:46+00:00]: Error [2]: Attempt to read property "document_body" on null in resources/views/doc.php on line 51
[php_errors] [2024-03-04T14:11:46+00:00]: Error [8192]: str_replace(): Passing null to parameter #3 ($subject) of type array|string is deprecated in system/plugins/erusev/parsedown/Parsedown.php on line 30
[php_errors] [2024-03-04T20:12:09+00:00]: Error [2]: Undefined variable $dat in resources/views/doc.php on line 26
[php_errors] [2024-03-04T20:12:11+00:00]: Error [2]: Undefined variable $dat in resources/views/doc.php on line 26
[php_errors] [2024-03-05T09:56:28+00:00]: Error [2]: include(/Applications/XAMPP/xamppfiles/htdocs/luminova.doc/system/plugins/composer/../nanoblocktech/psr-cache/src/CachePool.php): Failed to open stream: No such file or directory in system/plugins/composer/ClassLoader.php on line 576
[php_errors] [2024-03-05T09:56:28+00:00]: Error [2]: include(): Failed opening '/Applications/XAMPP/xamppfiles/htdocs/luminova.doc/system/plugins/composer/../nanoblocktech/psr-cache/src/CachePool.php' for inclusion (include_path='.:/Applications/XAMPP/xamppfiles/lib/php') in system/plugins/composer/ClassLoader.php on line 576
[php_errors] [2024-03-05T10:10:03+00:00]: Error [2]: include(/Applications/XAMPP/xamppfiles/htdocs/luminova.doc/system/plugins/composer/../nanoblocktech/psr-cache/src/CachePool.php): Failed to open stream: No such file or directory in system/plugins/composer/ClassLoader.php on line 576
[php_errors] [2024-03-05T10:10:03+00:00]: Error [2]: include(): Failed opening '/Applications/XAMPP/xamppfiles/htdocs/luminova.doc/system/plugins/composer/../nanoblocktech/psr-cache/src/CachePool.php' for inclusion (include_path='.:/Applications/XAMPP/xamppfiles/lib/php') in system/plugins/composer/ClassLoader.php on line 576
